<?xml version="1.0" encoding="utf-8"?><testsuites name="pytest tests"><testsuite name="pytest" errors="0" failures="0" skipped="0" tests="6" time="8.314" timestamp="2026-09-24T19:53:12.443267+00:00" hostname="agent-env-356005c1-636a-478a-bc3e-ed763b8a5de5"><testcase classname="tests.backend_test" name="test_health_shape" time="0.267" /><testcase classname="tests.backend_test" name="test_announcements_shape" time="0.558" /><testcase classname="tests.backend_test" name="test_server_status_shape_and_speed" time="0.531" /><testcase classname="tests.backend_test" name="test_chat_server_ip" time="3.244" /><testcase classname="tests.backend_test" name="test_chat_vip_prices" time="1.467" /><testcase classname="tests.backend_test" name="test_chat_ban_directs_to_discord" time="1.720" /></testsuite></testsuites>