<?xml version="1.0" encoding="utf-8"?><testsuites name="pytest tests"><testsuite name="pytest" errors="0" failures="0" skipped="0" tests="15" time="12.383" timestamp="2026-09-24T20:05:24.985816+00:00" hostname="agent-env-356005c1-636a-478a-bc3e-ed763b8a5de5"><testcase classname="tests.backend_test" name="test_health_shape" time="0.265" /><testcase classname="tests.backend_test" name="test_announcements_shape" time="0.173" /><testcase classname="tests.backend_test" name="test_server_status_shape_and_speed" time="0.570" /><testcase classname="tests.backend_test" name="test_chat_server_ip" time="2.671" /><testcase classname="tests.backend_test" name="test_chat_vip_prices" time="1.126" /><testcase classname="tests.backend_test" name="test_chat_ban_directs_to_discord" time="1.481" /><testcase classname="tests.backend_test" name="test_login_admin_ok" time="0.372" /><testcase classname="tests.backend_test" name="test_login_mod_ok" time="0.395" /><testcase classname="tests.backend_test" name="test_login_wrong_password" time="0.400" /><testcase classname="tests.backend_test" name="test_me_requires_token" time="0.127" /><testcase classname="tests.backend_test" name="test_me_with_token" time="0.499" /><testcase classname="tests.backend_test" name="test_admin_endpoints_require_auth" time="0.826" /><testcase classname="tests.backend_test" name="test_knowledge_get_put_restore" time="0.726" /><testcase classname="tests.backend_test" name="test_announcements_crud" time="2.009" /><testcase classname="tests.backend_test" name="test_announcements_still_original_three" time="0.183" /></testsuite></testsuites>