<?xml version="1.0" encoding="utf-8"?><testsuites name="pytest tests"><testsuite name="pytest" errors="0" failures="0" skipped="0" tests="10" time="10.842" timestamp="2026-09-24T20:16:15.815616+00:00" hostname="agent-env-356005c1-636a-478a-bc3e-ed763b8a5de5"><testcase classname="tests.test_staff.TestListStaff" name="test_no_token_401" time="0.624" /><testcase classname="tests.test_staff.TestListStaff" name="test_mod_token_403" time="1.002" /><testcase classname="tests.test_staff.TestListStaff" name="test_admin_returns_list_without_hash" time="0.968" /><testcase classname="tests.test_staff.TestCreateStaff" name="test_create_and_login" time="1.624" /><testcase classname="tests.test_staff.TestCreateStaff" name="test_duplicate_returns_409" time="1.363" /><testcase classname="tests.test_staff.TestDeleteStaff" name="test_mod_delete_403" time="0.985" /><testcase classname="tests.test_staff.TestDeleteStaff" name="test_self_delete_400" time="0.614" /><testcase classname="tests.test_staff.TestDeleteStaff" name="test_last_admin_400" time="1.764" /><testcase classname="tests.test_staff.TestDeleteStaff" name="test_delete_normal_ok" time="1.197" /><testcase classname="tests.test_staff.TestDeleteStaff" name="test_delete_missing_404" time="0.639" /></testsuite></testsuites>